<?xml version="1.0" encoding="UTF-8"?>
<!-- Generated by org.testng.reporters.JUnitReportReporter -->
<testsuite hostname="DESKTOP-9AU2161" failures="0" tests="2" name="org.selenium.SeleniumTest" time="0.019" errors="0" timestamp="2022-01-29T12:17:04 IST" skipped="0">
  <testcase classname="org.selenium.SeleniumTest" name="seleniumMethod2" time="0.002"/>
  <system-out/>
  <testcase classname="org.selenium.SeleniumTest" name="seleniumMethod1" time="0.017"/>
  <system-out/>
</testsuite> <!-- org.selenium.SeleniumTest -->
