<?xml version="1.0" encoding="UTF-8"?>
<!-- Generated by org.testng.reporters.JUnitReportReporter -->
<testsuite skipped="0" hostname="DESKTOP-9AU2161" name="org.selenium.SeleniumTest" tests="2" failures="0" timestamp="2022-02-02T12:54:01 IST" time="0.007" errors="0">
  <testcase name="seleniumMethod1" time="0.006" classname="org.selenium.SeleniumTest"/>
  <system-out/>
  <testcase name="seleniumMethod2" time="0.001" classname="org.selenium.SeleniumTest"/>
  <system-out/>
</testsuite> <!-- org.selenium.SeleniumTest -->
