<?xml version="1.0" encoding="UTF-8"?>
<!-- Generated by org.testng.reporters.JUnitReportReporter -->
<testsuite skipped="0" hostname="DESKTOP-9AU2161" name="org.selenium.Test1" tests="2" failures="0" timestamp="2022-02-02T12:54:01 IST" time="0.001" errors="0">
  <testcase name="testing2" time="0.000" classname="org.selenium.Test1"/>
  <system-out/>
  <testcase name="testing1" time="0.001" classname="org.selenium.Test1"/>
  <system-out/>
</testsuite> <!-- org.selenium.Test1 -->
